<html>
<head>
<title>TestNG:  Test</title>
<link href="../testng.css" rel="stylesheet" type="text/css" />
<link href="../my-testng.css" rel="stylesheet" type="text/css" />

<style type="text/css">
.log { display: none;} 
.stack-trace { display: none;} 
</style>
<script type="text/javascript">
<!--
function flip(e) {
  current = e.style.display;
  if (current == 'block') {
    e.style.display = 'none';
    return 0;
  }
  else {
    e.style.display = 'block';
    return 1;
  }
}

function toggleBox(szDivId, elem, msg1, msg2)
{
  var res = -1;  if (document.getElementById) {
    res = flip(document.getElementById(szDivId));
  }
  else if (document.all) {
    // this is the way old msie versions work
    res = flip(document.all[szDivId]);
  }
  if(elem) {
    if(res == 0) elem.innerHTML = msg1; else elem.innerHTML = msg2;
  }

}

function toggleAllBoxes() {
  if (document.getElementsByTagName) {
    d = document.getElementsByTagName('div');
    for (i = 0; i < d.length; i++) {
      if (d[i].className == 'log') {
        flip(d[i]);
      }
    }
  }
}

// -->
</script>

</head>
<body>
<h2 align='center'>Test</h2><table border='1' align="center">
<tr>
<td>Tests passed/Failed/Skipped:</td><td>28/1/11</td>
</tr><tr>
<td>Started on:</td><td>Mon Sep 08 15:31:48 IST 2025</td>
</tr>
<tr><td>Total time:</td><td>91 seconds (91450 ms)</td>
</tr><tr>
<td>Included groups:</td><td></td>
</tr><tr>
<td>Excluded groups:</td><td></td>
</tr>
</table><p/>
<small><i>(Hover the method name to see the test class name)</i></small><p/>
<table width='100%' border='1' class='invocation-failed'>
<tr><td colspan='4' align='center'><b>FAILED CONFIGURATIONS</b></td></tr>
<tr><td><b>Test method</b></td>
<td><b>Attribute(s)</b></td>
<td width="30%"><b>Exception</b></td>
<td width="10%"><b>Time (seconds)</b></td>
<td><b>Instance</b></td>
</tr>
<tr>
<td title='tests.BagistoStepByStepTest.captureResult()'><b>captureResult</b><br>Test class: tests.BagistoStepByStepTest<br>Parameters: [TestResult name=clickAddress status=FAILURE method=BagistoStepByStepTest.clickAddress()[pri:27, instance:tests.BagistoStepByStepTest@45b4c3a9] output={null}]</td>
<td><div><pre>org.openqa.selenium.NoSuchWindowException: no such window: target window already closed
from unknown error: web view not found
  (Session info: chrome=139.0.7258.157)
Build info: version: &apos;4.34.0&apos;, revision: &apos;707dcb4246*&apos;
System info: os.name: &apos;Windows 11&apos;, os.arch: &apos;amd64&apos;, os.version: &apos;10.0&apos;, java.version: &apos;21.0.7&apos;
Driver info: org.openqa.selenium.chrome.ChromeDriver
Command: [8e89c2b150fefd9c4a860ed3c975f57a, screenshot {}]
Capabilities {acceptInsecureCerts: false, browserName: chrome, browserVersion: 139.0.7258.157, chrome: {chromedriverVersion: 139.0.7258.154 (9e0d6b2b47f..., userDataDir: C:\Users\deept\AppData\Loca...}, fedcm:accounts: true, goog:chromeOptions: {debuggerAddress: localhost:56280}, networkConnectionEnabled: false, pageLoadStrategy: normal, platformName: windows, proxy: Proxy(), se:cdp: ws://localhost:56280/devtoo..., se:cdpVersion: 139.0.7258.157, setWindowRect: true, strictFileInteractability: false, timeouts: {implicit: 0, pageLoad: 300000, script: 30000}, unhandledPromptBehavior: dismiss and notify, webauthn:extension:credBlob: true, webauthn:extension:largeBlob: true, webauthn:extension:minPinLength: true, webauthn:extension:prf: true, webauthn:virtualAuthenticators: true}
Session ID: 8e89c2b150fefd9c4a860ed3c975f57a
	at org.openqa.selenium.remote.ErrorCodec.decode(ErrorCodec.java:167)
	at org.openqa.selenium.remote.codec.w3c.W3CHttpResponseCodec.decode(W3CHttpResponseCodec.java:138)
	at org.openqa.selenium.remote.codec.w3c.W3CHttpResponseCodec.decode(W3CHttpResponseCodec.java:50)
	at org.openqa.selenium.remote.HttpCommandExecutor.execute(HttpCommandExecutor.java:215)
	at org.openqa.selenium.remote.service.DriverCommandExecutor.invokeExecute(DriverCommandExecutor.java:216)
	at org.openqa.selenium.remote.service.DriverCommandExecutor.execute(DriverCommandExecutor.java:174)
	at org.openqa.selenium.remote.RemoteWebDriver.execute(RemoteWebDriver.java:544)
	at org.openqa.selenium.remote.RemoteWebDriver.execute(RemoteWebDriver.java:617)
	at org.openqa.selenium.remote.RemoteWebDriver.execute(RemoteWebDriver.java:621)
	at org.openqa.selenium.remote.RemoteWebDriver.getScreenshotAs(RemoteWebDriver.java:333)
	at base.BaseTest.captureScreenshot(BaseTest.java:77)
	at base.BaseTest.captureResult(BaseTest.java:52)
	at java.base/java.util.ArrayList.forEach(ArrayList.java:1596)
... Removed 33 stack frames</pre></div><a href='#' onClick='toggleBox("stack-trace1998103567", this, "Click to show all stack frames", "Click to hide stack frames")'>Click to show all stack frames</a>
<div class='stack-trace' id='stack-trace1998103567'><pre>org.openqa.selenium.NoSuchWindowException: no such window: target window already closed
from unknown error: web view not found
  (Session info: chrome=139.0.7258.157)
Build info: version: &apos;4.34.0&apos;, revision: &apos;707dcb4246*&apos;
System info: os.name: &apos;Windows 11&apos;, os.arch: &apos;amd64&apos;, os.version: &apos;10.0&apos;, java.version: &apos;21.0.7&apos;
Driver info: org.openqa.selenium.chrome.ChromeDriver
Command: [8e89c2b150fefd9c4a860ed3c975f57a, screenshot {}]
Capabilities {acceptInsecureCerts: false, browserName: chrome, browserVersion: 139.0.7258.157, chrome: {chromedriverVersion: 139.0.7258.154 (9e0d6b2b47f..., userDataDir: C:\Users\deept\AppData\Loca...}, fedcm:accounts: true, goog:chromeOptions: {debuggerAddress: localhost:56280}, networkConnectionEnabled: false, pageLoadStrategy: normal, platformName: windows, proxy: Proxy(), se:cdp: ws://localhost:56280/devtoo..., se:cdpVersion: 139.0.7258.157, setWindowRect: true, strictFileInteractability: false, timeouts: {implicit: 0, pageLoad: 300000, script: 30000}, unhandledPromptBehavior: dismiss and notify, webauthn:extension:credBlob: true, webauthn:extension:largeBlob: true, webauthn:extension:minPinLength: true, webauthn:extension:prf: true, webauthn:virtualAuthenticators: true}
Session ID: 8e89c2b150fefd9c4a860ed3c975f57a
	at java.base/jdk.internal.reflect.DirectConstructorHandleAccessor.newInstance(DirectConstructorHandleAccessor.java:62)
	at java.base/java.lang.reflect.Constructor.newInstanceWithCaller(Constructor.java:502)
	at java.base/java.lang.reflect.Constructor.newInstance(Constructor.java:486)
	at org.openqa.selenium.remote.ErrorCodec.decode(ErrorCodec.java:167)
	at org.openqa.selenium.remote.codec.w3c.W3CHttpResponseCodec.decode(W3CHttpResponseCodec.java:138)
	at org.openqa.selenium.remote.codec.w3c.W3CHttpResponseCodec.decode(W3CHttpResponseCodec.java:50)
	at org.openqa.selenium.remote.HttpCommandExecutor.execute(HttpCommandExecutor.java:215)
	at org.openqa.selenium.remote.service.DriverCommandExecutor.invokeExecute(DriverCommandExecutor.java:216)
	at org.openqa.selenium.remote.service.DriverCommandExecutor.execute(DriverCommandExecutor.java:174)
	at org.openqa.selenium.remote.RemoteWebDriver.execute(RemoteWebDriver.java:544)
	at org.openqa.selenium.remote.RemoteWebDriver.execute(RemoteWebDriver.java:617)
	at org.openqa.selenium.remote.RemoteWebDriver.execute(RemoteWebDriver.java:621)
	at org.openqa.selenium.remote.RemoteWebDriver.getScreenshotAs(RemoteWebDriver.java:333)
	at base.BaseTest.captureScreenshot(BaseTest.java:77)
	at base.BaseTest.captureResult(BaseTest.java:52)
	at java.base/jdk.internal.reflect.DirectMethodHandleAccessor.invoke(DirectMethodHandleAccessor.java:103)
	at java.base/java.lang.reflect.Method.invoke(Method.java:580)
	at org.testng.internal.invokers.MethodInvocationHelper.invokeMethod(MethodInvocationHelper.java:141)
	at org.testng.internal.invokers.MethodInvocationHelper.invokeMethodConsideringTimeout(MethodInvocationHelper.java:71)
	at org.testng.internal.invokers.ConfigInvoker.invokeConfigurationMethod(ConfigInvoker.java:400)
	at org.testng.internal.invokers.ConfigInvoker.invokeConfigurations(ConfigInvoker.java:333)
	at org.testng.internal.invokers.TestInvoker.runConfigMethods(TestInvoker.java:836)
	at org.testng.internal.invokers.TestInvoker.runAfterConfigurations(TestInvoker.java:805)
	at org.testng.internal.invokers.TestInvoker.invokeMethod(TestInvoker.java:781)
	at org.testng.internal.invokers.TestInvoker.invokeTestMethod(TestInvoker.java:230)
	at org.testng.internal.invokers.MethodRunner.runInSequence(MethodRunner.java:63)
	at org.testng.internal.invokers.TestInvoker$MethodInvocationAgent.invoke(TestInvoker.java:995)
	at org.testng.internal.invokers.TestInvoker.invokeTestMethods(TestInvoker.java:203)
	at org.testng.internal.invokers.TestMethodWorker.invokeTestMethods(TestMethodWorker.java:154)
	at org.testng.internal.invokers.TestMethodWorker.run(TestMethodWorker.java:134)
	at java.base/java.util.ArrayList.forEach(ArrayList.java:1596)
	at org.testng.TestRunner.privateRun(TestRunner.java:741)
	at org.testng.TestRunner.run(TestRunner.java:616)
	at org.testng.SuiteRunner.runTest(SuiteRunner.java:421)
	at org.testng.SuiteRunner.runSequentially(SuiteRunner.java:413)
	at org.testng.SuiteRunner.privateRun(SuiteRunner.java:373)
	at org.testng.SuiteRunner.run(SuiteRunner.java:312)
	at org.testng.SuiteRunnerWorker.runSuite(SuiteRunnerWorker.java:52)
	at org.testng.SuiteRunnerWorker.run(SuiteRunnerWorker.java:95)
	at org.testng.TestNG.runSuitesSequentially(TestNG.java:1274)
	at org.testng.TestNG.runSuitesLocally(TestNG.java:1208)
	at org.testng.TestNG.runSuites(TestNG.java:1112)
	at org.testng.TestNG.run(TestNG.java:1079)
	at org.testng.remote.AbstractRemoteTestNG.run(AbstractRemoteTestNG.java:115)
	at org.testng.remote.RemoteTestNG.initAndRun(RemoteTestNG.java:293)
	at org.testng.remote.RemoteTestNG.main(RemoteTestNG.java:91)
</pre></div></td>
<td>0</td>
<td>tests.BagistoStepByStepTest@45b4c3a9</td></tr>
</table><p>
<table width='100%' border='1' class='invocation-failed'>
<tr><td colspan='4' align='center'><b>FAILED TESTS</b></td></tr>
<tr><td><b>Test method</b></td>
<td><b>Attribute(s)</b></td>
<td width="30%"><b>Exception</b></td>
<td width="10%"><b>Time (seconds)</b></td>
<td><b>Instance</b></td>
</tr>
<tr>
<td title='tests.BagistoStepByStepTest.clickAddress()'><b>clickAddress</b><br>Test class: tests.BagistoStepByStepTest</td>
<td><div><pre>org.openqa.selenium.TimeoutException: Expected condition failed: waiting for element to be clickable: By.xpath: //p[span[contains(@class, &apos;icon-location&apos;)] and contains(text(),&apos;Address&apos;)] (tried for 15 second(s) with 500 milliseconds interval)
	at org.openqa.selenium.support.ui.WebDriverWait.timeoutException(WebDriverWait.java:84)
	at org.openqa.selenium.support.ui.FluentWait.until(FluentWait.java:228)
	at pages.AddressPage.clickAddress(AddressPage.java:40)
	at tests.BagistoStepByStepTest.clickAddress(BagistoStepByStepTest.java:151)
	at java.base/java.util.ArrayList.forEach(ArrayList.java:1596)
Caused by: org.openqa.selenium.NoSuchWindowException: no such window: target window already closed
from unknown error: web view not found
  (Session info: chrome=139.0.7258.157)
Build info: version: &apos;4.34.0&apos;, revision: &apos;707dcb4246*&apos;
System info: os.name: &apos;Windows 11&apos;, os.arch: &apos;amd64&apos;, os.version: &apos;10.0&apos;, java.version: &apos;21.0.7&apos;
Driver info: org.openqa.selenium.chrome.ChromeDriver
Command: [8e89c2b150fefd9c4a860ed3c975f57a, findElement {value=//p[span[contains(@class, &apos;icon-location&apos;)] and contains(text(),&apos;Address&apos;)], using=xpath}]
Capabilities {acceptInsecureCerts: false, browserName: chrome, browserVersion: 139.0.7258.157, chrome: {chromedriverVersion: 139.0.7258.154 (9e0d6b2b47f..., userDataDir: C:\Users\deept\AppData\Loca...}, fedcm:accounts: true, goog:chromeOptions: {debuggerAddress: localhost:56280}, networkConnectionEnabled: false, pageLoadStrategy: normal, platformName: windows, proxy: Proxy(), se:cdp: ws://localhost:56280/devtoo..., se:cdpVersion: 139.0.7258.157, setWindowRect: true, strictFileInteractability: false, timeouts: {implicit: 0, pageLoad: 300000, script: 30000}, unhandledPromptBehavior: dismiss and notify, webauthn:extension:credBlob: true, webauthn:extension:largeBlob: true, webauthn:extension:minPinLength: true, webauthn:extension:prf: true, webauthn:virtualAuthenticators: true}
Session ID: 8e89c2b150fefd9c4a860ed3c975f57a
	at org.openqa.selenium.remote.ErrorCodec.decode(ErrorCodec.java:167)
	at org.openqa.selenium.remote.codec.w3c.W3CHttpResponseCodec.decode(W3CHttpResponseCodec.java:138)
	at org.openqa.selenium.remote.codec.w3c.W3CHttpResponseCodec.decode(W3CHttpResponseCodec.java:50)
	at org.openqa.selenium.remote.HttpCommandExecutor.execute(HttpCommandExecutor.java:215)
	at org.openqa.selenium.remote.service.DriverCommandExecutor.invokeExecute(DriverCommandExecutor.java:216)
	at org.openqa.selenium.remote.service.DriverCommandExecutor.execute(DriverCommandExecutor.java:174)
	at org.openqa.selenium.remote.RemoteWebDriver.execute(RemoteWebDriver.java:544)
	at org.openqa.selenium.remote.ElementLocation$ElementFinder$2.findElement(ElementLocation.java:165)
	at org.openqa.selenium.remote.ElementLocation.findElement(ElementLocation.java:59)
	at org.openqa.selenium.remote.RemoteWebDriver.findElement(RemoteWebDriver.java:367)
	at org.openqa.selenium.remote.RemoteWebDriver.findElement(RemoteWebDriver.java:361)
	at org.openqa.selenium.support.ui.ExpectedConditions$7.apply(ExpectedConditions.java:194)
	at org.openqa.selenium.support.ui.ExpectedConditions$7.apply(ExpectedConditions.java:190)
	at org.openqa.selenium.support.ui.ExpectedConditions$22.apply(ExpectedConditions.java:627)
	at org.openqa.selenium.support.ui.ExpectedConditions$22.apply(ExpectedConditions.java:624)
	at org.openqa.selenium.support.ui.FluentWait.until(FluentWait.java:203)
	... 28 more
... Removed 28 stack frames</pre></div><a href='#' onClick='toggleBox("stack-trace1730900666", this, "Click to show all stack frames", "Click to hide stack frames")'>Click to show all stack frames</a>
<div class='stack-trace' id='stack-trace1730900666'><pre>org.openqa.selenium.TimeoutException: Expected condition failed: waiting for element to be clickable: By.xpath: //p[span[contains(@class, &apos;icon-location&apos;)] and contains(text(),&apos;Address&apos;)] (tried for 15 second(s) with 500 milliseconds interval)
	at org.openqa.selenium.support.ui.WebDriverWait.timeoutException(WebDriverWait.java:84)
	at org.openqa.selenium.support.ui.FluentWait.until(FluentWait.java:228)
	at pages.AddressPage.clickAddress(AddressPage.java:40)
	at tests.BagistoStepByStepTest.clickAddress(BagistoStepByStepTest.java:151)
	at java.base/jdk.internal.reflect.DirectMethodHandleAccessor.invoke(DirectMethodHandleAccessor.java:103)
	at java.base/java.lang.reflect.Method.invoke(Method.java:580)
	at org.testng.internal.invokers.MethodInvocationHelper.invokeMethod(MethodInvocationHelper.java:141)
	at org.testng.internal.invokers.TestInvoker.invokeMethod(TestInvoker.java:687)
	at org.testng.internal.invokers.TestInvoker.invokeTestMethod(TestInvoker.java:230)
	at org.testng.internal.invokers.MethodRunner.runInSequence(MethodRunner.java:63)
	at org.testng.internal.invokers.TestInvoker$MethodInvocationAgent.invoke(TestInvoker.java:995)
	at org.testng.internal.invokers.TestInvoker.invokeTestMethods(TestInvoker.java:203)
	at org.testng.internal.invokers.TestMethodWorker.invokeTestMethods(TestMethodWorker.java:154)
	at org.testng.internal.invokers.TestMethodWorker.run(TestMethodWorker.java:134)
	at java.base/java.util.ArrayList.forEach(ArrayList.java:1596)
	at org.testng.TestRunner.privateRun(TestRunner.java:741)
	at org.testng.TestRunner.run(TestRunner.java:616)
	at org.testng.SuiteRunner.runTest(SuiteRunner.java:421)
	at org.testng.SuiteRunner.runSequentially(SuiteRunner.java:413)
	at org.testng.SuiteRunner.privateRun(SuiteRunner.java:373)
	at org.testng.SuiteRunner.run(SuiteRunner.java:312)
	at org.testng.SuiteRunnerWorker.runSuite(SuiteRunnerWorker.java:52)
	at org.testng.SuiteRunnerWorker.run(SuiteRunnerWorker.java:95)
	at org.testng.TestNG.runSuitesSequentially(TestNG.java:1274)
	at org.testng.TestNG.runSuitesLocally(TestNG.java:1208)
	at org.testng.TestNG.runSuites(TestNG.java:1112)
	at org.testng.TestNG.run(TestNG.java:1079)
	at org.testng.remote.AbstractRemoteTestNG.run(AbstractRemoteTestNG.java:115)
	at org.testng.remote.RemoteTestNG.initAndRun(RemoteTestNG.java:293)
	at org.testng.remote.RemoteTestNG.main(RemoteTestNG.java:91)
Caused by: org.openqa.selenium.NoSuchWindowException: no such window: target window already closed
from unknown error: web view not found
  (Session info: chrome=139.0.7258.157)
Build info: version: &apos;4.34.0&apos;, revision: &apos;707dcb4246*&apos;
System info: os.name: &apos;Windows 11&apos;, os.arch: &apos;amd64&apos;, os.version: &apos;10.0&apos;, java.version: &apos;21.0.7&apos;
Driver info: org.openqa.selenium.chrome.ChromeDriver
Command: [8e89c2b150fefd9c4a860ed3c975f57a, findElement {value=//p[span[contains(@class, &apos;icon-location&apos;)] and contains(text(),&apos;Address&apos;)], using=xpath}]
Capabilities {acceptInsecureCerts: false, browserName: chrome, browserVersion: 139.0.7258.157, chrome: {chromedriverVersion: 139.0.7258.154 (9e0d6b2b47f..., userDataDir: C:\Users\deept\AppData\Loca...}, fedcm:accounts: true, goog:chromeOptions: {debuggerAddress: localhost:56280}, networkConnectionEnabled: false, pageLoadStrategy: normal, platformName: windows, proxy: Proxy(), se:cdp: ws://localhost:56280/devtoo..., se:cdpVersion: 139.0.7258.157, setWindowRect: true, strictFileInteractability: false, timeouts: {implicit: 0, pageLoad: 300000, script: 30000}, unhandledPromptBehavior: dismiss and notify, webauthn:extension:credBlob: true, webauthn:extension:largeBlob: true, webauthn:extension:minPinLength: true, webauthn:extension:prf: true, webauthn:virtualAuthenticators: true}
Session ID: 8e89c2b150fefd9c4a860ed3c975f57a
	at java.base/jdk.internal.reflect.DirectConstructorHandleAccessor.newInstance(DirectConstructorHandleAccessor.java:62)
	at java.base/java.lang.reflect.Constructor.newInstanceWithCaller(Constructor.java:502)
	at java.base/java.lang.reflect.Constructor.newInstance(Constructor.java:486)
	at org.openqa.selenium.remote.ErrorCodec.decode(ErrorCodec.java:167)
	at org.openqa.selenium.remote.codec.w3c.W3CHttpResponseCodec.decode(W3CHttpResponseCodec.java:138)
	at org.openqa.selenium.remote.codec.w3c.W3CHttpResponseCodec.decode(W3CHttpResponseCodec.java:50)
	at org.openqa.selenium.remote.HttpCommandExecutor.execute(HttpCommandExecutor.java:215)
	at org.openqa.selenium.remote.service.DriverCommandExecutor.invokeExecute(DriverCommandExecutor.java:216)
	at org.openqa.selenium.remote.service.DriverCommandExecutor.execute(DriverCommandExecutor.java:174)
	at org.openqa.selenium.remote.RemoteWebDriver.execute(RemoteWebDriver.java:544)
	at org.openqa.selenium.remote.ElementLocation$ElementFinder$2.findElement(ElementLocation.java:165)
	at org.openqa.selenium.remote.ElementLocation.findElement(ElementLocation.java:59)
	at org.openqa.selenium.remote.RemoteWebDriver.findElement(RemoteWebDriver.java:367)
	at org.openqa.selenium.remote.RemoteWebDriver.findElement(RemoteWebDriver.java:361)
	at org.openqa.selenium.support.ui.ExpectedConditions$7.apply(ExpectedConditions.java:194)
	at org.openqa.selenium.support.ui.ExpectedConditions$7.apply(ExpectedConditions.java:190)
	at org.openqa.selenium.support.ui.ExpectedConditions$22.apply(ExpectedConditions.java:627)
	at org.openqa.selenium.support.ui.ExpectedConditions$22.apply(ExpectedConditions.java:624)
	at org.openqa.selenium.support.ui.FluentWait.until(FluentWait.java:203)
	... 28 more
</pre></div></td>
<td>15</td>
<td>tests.BagistoStepByStepTest@45b4c3a9</td></tr>
</table><p>
<table width='100%' border='1' class='invocation-passed'>
<tr><td colspan='4' align='center'><b>PASSED TESTS</b></td></tr>
<tr><td><b>Test method</b></td>
<td><b>Attribute(s)</b></td>
<td width="30%"><b>Exception</b></td>
<td width="10%"><b>Time (seconds)</b></td>
<td><b>Instance</b></td>
</tr>
<tr>
<td title='tests.BagistoStepByStepTest.goToCustomersMenu()'><b>goToCustomersMenu</b><br>Test class: tests.BagistoStepByStepTest</td>
<td></td>
<td>1</td>
<td>tests.BagistoStepByStepTest@45b4c3a9</td></tr>
<tr>
<td title='tests.BagistoStepByStepTest.clickFirstSearchResult()'><b>clickFirstSearchResult</b><br>Test class: tests.BagistoStepByStepTest</td>
<td></td>
<td>2</td>
<td>tests.BagistoStepByStepTest@45b4c3a9</td></tr>
<tr>
<td title='tests.BagistoStepByStepTest.openNotifications()'><b>openNotifications</b><br>Test class: tests.BagistoStepByStepTest</td>
<td></td>
<td>0</td>
<td>tests.BagistoStepByStepTest@45b4c3a9</td></tr>
<tr>
<td title='tests.BagistoStepByStepTest.clickCreateCustomerBtn()'><b>clickCreateCustomerBtn</b><br>Test class: tests.BagistoStepByStepTest</td>
<td></td>
<td>0</td>
<td>tests.BagistoStepByStepTest@45b4c3a9</td></tr>
<tr>
<td title='tests.BagistoStepByStepTest.clickCustomersDiv()'><b>clickCustomersDiv</b><br>Test class: tests.BagistoStepByStepTest</td>
<td></td>
<td>0</td>
<td>tests.BagistoStepByStepTest@45b4c3a9</td></tr>
<tr>
<td title='tests.BagistoStepByStepTest.enterCustomerEmail()'><b>enterCustomerEmail</b><br>Test class: tests.BagistoStepByStepTest</td>
<td></td>
<td>0</td>
<td>tests.BagistoStepByStepTest@45b4c3a9</td></tr>
<tr>
<td title='tests.BagistoStepByStepTest.waitForAgreeBtn()'><b>waitForAgreeBtn</b><br>Test class: tests.BagistoStepByStepTest</td>
<td></td>
<td>0</td>
<td>tests.BagistoStepByStepTest@45b4c3a9</td></tr>
<tr>
<td title='tests.BagistoStepByStepTest.clickAgreeBtn()'><b>clickAgreeBtn</b><br>Test class: tests.BagistoStepByStepTest</td>
<td></td>
<td>2</td>
<td>tests.BagistoStepByStepTest@45b4c3a9</td></tr>
<tr>
<td title='tests.BagistoStepByStepTest.clickDeleteIcon()'><b>clickDeleteIcon</b><br>Test class: tests.BagistoStepByStepTest</td>
<td></td>
<td>0</td>
<td>tests.BagistoStepByStepTest@45b4c3a9</td></tr>
<tr>
<td title='tests.RegExcel.signupTest()'><b>signupTest</b><br>Test class: tests.RegExcel<br>Parameters: bob, 
Doe, bobby13@example.com , bob123, bob123</td>
<td></td>
<td>30</td>
<td>tests.RegExcel@4c39bec8</td></tr>
<tr>
<td title='tests.RegExcel.signupTest()'><b>signupTest</b><br>Test class: tests.RegExcel<br>Parameters: Alie, dom, Alie1@example.com, alie123, alie123</td>
<td></td>
<td>9</td>
<td>tests.RegExcel@4c39bec8</td></tr>
<tr>
<td title='tests.BagistoStepByStepTest.openCalendar()'><b>openCalendar</b><br>Test class: tests.BagistoStepByStepTest</td>
<td></td>
<td>0</td>
<td>tests.BagistoStepByStepTest@45b4c3a9</td></tr>
<tr>
<td title='tests.BagistoStepByStepTest.searchCustomer()'><b>searchCustomer</b><br>Test class: tests.BagistoStepByStepTest</td>
<td></td>
<td>3</td>
<td>tests.BagistoStepByStepTest@45b4c3a9</td></tr>
<tr>
<td title='tests.BagistoStepByStepTest.enterFirstName()'><b>enterFirstName</b><br>Test class: tests.BagistoStepByStepTest</td>
<td></td>
<td>0</td>
<td>tests.BagistoStepByStepTest@45b4c3a9</td></tr>
<tr>
<td title='tests.BagistoStepByStepTest.enterEmail()'><b>enterEmail</b><br>Test class: tests.BagistoStepByStepTest</td>
<td></td>
<td>0</td>
<td>tests.BagistoStepByStepTest@45b4c3a9</td></tr>
<tr>
<td title='tests.BagistoStepByStepTest.waitForDeleteIcon()'><b>waitForDeleteIcon</b><br>Test class: tests.BagistoStepByStepTest</td>
<td></td>
<td>0</td>
<td>tests.BagistoStepByStepTest@45b4c3a9</td></tr>
<tr>
<td title='tests.BagistoStepByStepTest.clickSaveCustomerBtn()'><b>clickSaveCustomerBtn</b><br>Test class: tests.BagistoStepByStepTest</td>
<td></td>
<td>4</td>
<td>tests.BagistoStepByStepTest@45b4c3a9</td></tr>
<tr>
<td title='tests.BagistoStepByStepTest.clickViewAllNotifications()'><b>clickViewAllNotifications</b><br>Test class: tests.BagistoStepByStepTest</td>
<td></td>
<td>2</td>
<td>tests.BagistoStepByStepTest@45b4c3a9</td></tr>
<tr>
<td title='tests.BagistoStepByStepTest.clickSignIn()'><b>clickSignIn</b><br>Test class: tests.BagistoStepByStepTest</td>
<td></td>
<td>0</td>
<td>tests.BagistoStepByStepTest@45b4c3a9</td></tr>
<tr>
<td title='tests.BagistoStepByStepTest.selectGender()'><b>selectGender</b><br>Test class: tests.BagistoStepByStepTest</td>
<td></td>
<td>0</td>
<td>tests.BagistoStepByStepTest@45b4c3a9</td></tr>
<tr>
<td title='tests.BagistoStepByStepTest.waitForSearchResults()'><b>waitForSearchResults</b><br>Test class: tests.BagistoStepByStepTest</td>
<td></td>
<td>0</td>
<td>tests.BagistoStepByStepTest@45b4c3a9</td></tr>
<tr>
<td title='tests.BagistoStepByStepTest.openAdminPanel()'><b>openAdminPanel</b><br>Test class: tests.BagistoStepByStepTest</td>
<td></td>
<td>3</td>
<td>tests.BagistoStepByStepTest@45b4c3a9</td></tr>
<tr>
<td title='tests.BagistoStepByStepTest.clickCustomersSubMenu()'><b>clickCustomersSubMenu</b><br>Test class: tests.BagistoStepByStepTest</td>
<td></td>
<td>1</td>
<td>tests.BagistoStepByStepTest@45b4c3a9</td></tr>
<tr>
<td title='tests.BagistoStepByStepTest.enterPassword()'><b>enterPassword</b><br>Test class: tests.BagistoStepByStepTest</td>
<td></td>
<td>0</td>
<td>tests.BagistoStepByStepTest@45b4c3a9</td></tr>
<tr>
<td title='tests.BagistoStepByStepTest.enterLastName()'><b>enterLastName</b><br>Test class: tests.BagistoStepByStepTest</td>
<td></td>
<td>0</td>
<td>tests.BagistoStepByStepTest@45b4c3a9</td></tr>
<tr>
<td title='tests.BagistoStepByStepTest.clickNewCustomerLogin()'><b>clickNewCustomerLogin</b><br>Test class: tests.BagistoStepByStepTest</td>
<td></td>
<td>0</td>
<td>tests.BagistoStepByStepTest@45b4c3a9</td></tr>
<tr>
<td title='tests.BagistoStepByStepTest.selectToday()'><b>selectToday</b><br>Test class: tests.BagistoStepByStepTest</td>
<td></td>
<td>0</td>
<td>tests.BagistoStepByStepTest@45b4c3a9</td></tr>
<tr>
<td title='tests.BagistoStepByStepTest.enableDarkMode()'><b>enableDarkMode</b><br>Test class: tests.BagistoStepByStepTest</td>
<td></td>
<td>2</td>
<td>tests.BagistoStepByStepTest@45b4c3a9</td></tr>
</table><p>
<table width='100%' border='1' class='invocation-skipped'>
<tr><td colspan='4' align='center'><b>SKIPPED TESTS</b></td></tr>
<tr><td><b>Test method</b></td>
<td><b>Attribute(s)</b></td>
<td width="30%"><b>Exception</b></td>
<td width="10%"><b>Time (seconds)</b></td>
<td><b>Instance</b></td>
</tr>
<tr>
<td title='tests.BagistoStepByStepTest.clickAddAddressBtn()'><b>clickAddAddressBtn</b><br>Test class: tests.BagistoStepByStepTest</td>
<td><div><pre>java.lang.Throwable: Method tests.BagistoStepByStepTest.clickAddAddressBtn() on instance tests.BagistoStepByStepTest@45b4c3a9 depends on not successfully finished methods 
[tests.BagistoStepByStepTest.clickAddress() on instance tests.BagistoStepByStepTest@45b4c3a9]
	at java.base/java.util.ArrayList.forEach(ArrayList.java:1596)
... Removed 18 stack frames</pre></div><a href='#' onClick='toggleBox("stack-trace231182885", this, "Click to show all stack frames", "Click to hide stack frames")'>Click to show all stack frames</a>
<div class='stack-trace' id='stack-trace231182885'><pre>java.lang.Throwable: Method tests.BagistoStepByStepTest.clickAddAddressBtn() on instance tests.BagistoStepByStepTest@45b4c3a9 depends on not successfully finished methods 
[tests.BagistoStepByStepTest.clickAddress() on instance tests.BagistoStepByStepTest@45b4c3a9]
	at org.testng.internal.invokers.TestInvoker.invokeTestMethods(TestInvoker.java:159)
	at org.testng.internal.invokers.TestMethodWorker.invokeTestMethods(TestMethodWorker.java:154)
	at org.testng.internal.invokers.TestMethodWorker.run(TestMethodWorker.java:134)
	at java.base/java.util.ArrayList.forEach(ArrayList.java:1596)
	at org.testng.TestRunner.privateRun(TestRunner.java:741)
	at org.testng.TestRunner.run(TestRunner.java:616)
	at org.testng.SuiteRunner.runTest(SuiteRunner.java:421)
	at org.testng.SuiteRunner.runSequentially(SuiteRunner.java:413)
	at org.testng.SuiteRunner.privateRun(SuiteRunner.java:373)
	at org.testng.SuiteRunner.run(SuiteRunner.java:312)
	at org.testng.SuiteRunnerWorker.runSuite(SuiteRunnerWorker.java:52)
	at org.testng.SuiteRunnerWorker.run(SuiteRunnerWorker.java:95)
	at org.testng.TestNG.runSuitesSequentially(TestNG.java:1274)
	at org.testng.TestNG.runSuitesLocally(TestNG.java:1208)
	at org.testng.TestNG.runSuites(TestNG.java:1112)
	at org.testng.TestNG.run(TestNG.java:1079)
	at org.testng.remote.AbstractRemoteTestNG.run(AbstractRemoteTestNG.java:115)
	at org.testng.remote.RemoteTestNG.initAndRun(RemoteTestNG.java:293)
	at org.testng.remote.RemoteTestNG.main(RemoteTestNG.java:91)
</pre></div></td>
<td>0</td>
<td>tests.BagistoStepByStepTest@45b4c3a9</td></tr>
<tr>
<td title='tests.BagistoStepByStepTest.enterAddressLastName()'><b>enterAddressLastName</b><br>Test class: tests.BagistoStepByStepTest</td>
<td><div><pre>java.lang.Throwable: Method tests.BagistoStepByStepTest.enterAddressLastName() on instance tests.BagistoStepByStepTest@45b4c3a9 depends on not successfully finished methods 
[tests.BagistoStepByStepTest.enterAddressFirstName() on instance tests.BagistoStepByStepTest@45b4c3a9]
	at java.base/java.util.ArrayList.forEach(ArrayList.java:1596)
... Removed 18 stack frames</pre></div><a href='#' onClick='toggleBox("stack-trace1624203949", this, "Click to show all stack frames", "Click to hide stack frames")'>Click to show all stack frames</a>
<div class='stack-trace' id='stack-trace1624203949'><pre>java.lang.Throwable: Method tests.BagistoStepByStepTest.enterAddressLastName() on instance tests.BagistoStepByStepTest@45b4c3a9 depends on not successfully finished methods 
[tests.BagistoStepByStepTest.enterAddressFirstName() on instance tests.BagistoStepByStepTest@45b4c3a9]
	at org.testng.internal.invokers.TestInvoker.invokeTestMethods(TestInvoker.java:159)
	at org.testng.internal.invokers.TestMethodWorker.invokeTestMethods(TestMethodWorker.java:154)
	at org.testng.internal.invokers.TestMethodWorker.run(TestMethodWorker.java:134)
	at java.base/java.util.ArrayList.forEach(ArrayList.java:1596)
	at org.testng.TestRunner.privateRun(TestRunner.java:741)
	at org.testng.TestRunner.run(TestRunner.java:616)
	at org.testng.SuiteRunner.runTest(SuiteRunner.java:421)
	at org.testng.SuiteRunner.runSequentially(SuiteRunner.java:413)
	at org.testng.SuiteRunner.privateRun(SuiteRunner.java:373)
	at org.testng.SuiteRunner.run(SuiteRunner.java:312)
	at org.testng.SuiteRunnerWorker.runSuite(SuiteRunnerWorker.java:52)
	at org.testng.SuiteRunnerWorker.run(SuiteRunnerWorker.java:95)
	at org.testng.TestNG.runSuitesSequentially(TestNG.java:1274)
	at org.testng.TestNG.runSuitesLocally(TestNG.java:1208)
	at org.testng.TestNG.runSuites(TestNG.java:1112)
	at org.testng.TestNG.run(TestNG.java:1079)
	at org.testng.remote.AbstractRemoteTestNG.run(AbstractRemoteTestNG.java:115)
	at org.testng.remote.RemoteTestNG.initAndRun(RemoteTestNG.java:293)
	at org.testng.remote.RemoteTestNG.main(RemoteTestNG.java:91)
</pre></div></td>
<td>0</td>
<td>tests.BagistoStepByStepTest@45b4c3a9</td></tr>
<tr>
<td title='tests.BagistoStepByStepTest.enterPostCode()'><b>enterPostCode</b><br>Test class: tests.BagistoStepByStepTest</td>
<td><div><pre>java.lang.Throwable: Method tests.BagistoStepByStepTest.enterPostCode() on instance tests.BagistoStepByStepTest@45b4c3a9 depends on not successfully finished methods 
[tests.BagistoStepByStepTest.enterCity() on instance tests.BagistoStepByStepTest@45b4c3a9]
	at java.base/java.util.ArrayList.forEach(ArrayList.java:1596)
... Removed 18 stack frames</pre></div><a href='#' onClick='toggleBox("stack-trace688722159", this, "Click to show all stack frames", "Click to hide stack frames")'>Click to show all stack frames</a>
<div class='stack-trace' id='stack-trace688722159'><pre>java.lang.Throwable: Method tests.BagistoStepByStepTest.enterPostCode() on instance tests.BagistoStepByStepTest@45b4c3a9 depends on not successfully finished methods 
[tests.BagistoStepByStepTest.enterCity() on instance tests.BagistoStepByStepTest@45b4c3a9]
	at org.testng.internal.invokers.TestInvoker.invokeTestMethods(TestInvoker.java:159)
	at org.testng.internal.invokers.TestMethodWorker.invokeTestMethods(TestMethodWorker.java:154)
	at org.testng.internal.invokers.TestMethodWorker.run(TestMethodWorker.java:134)
	at java.base/java.util.ArrayList.forEach(ArrayList.java:1596)
	at org.testng.TestRunner.privateRun(TestRunner.java:741)
	at org.testng.TestRunner.run(TestRunner.java:616)
	at org.testng.SuiteRunner.runTest(SuiteRunner.java:421)
	at org.testng.SuiteRunner.runSequentially(SuiteRunner.java:413)
	at org.testng.SuiteRunner.privateRun(SuiteRunner.java:373)
	at org.testng.SuiteRunner.run(SuiteRunner.java:312)
	at org.testng.SuiteRunnerWorker.runSuite(SuiteRunnerWorker.java:52)
	at org.testng.SuiteRunnerWorker.run(SuiteRunnerWorker.java:95)
	at org.testng.TestNG.runSuitesSequentially(TestNG.java:1274)
	at org.testng.TestNG.runSuitesLocally(TestNG.java:1208)
	at org.testng.TestNG.runSuites(TestNG.java:1112)
	at org.testng.TestNG.run(TestNG.java:1079)
	at org.testng.remote.AbstractRemoteTestNG.run(AbstractRemoteTestNG.java:115)
	at org.testng.remote.RemoteTestNG.initAndRun(RemoteTestNG.java:293)
	at org.testng.remote.RemoteTestNG.main(RemoteTestNG.java:91)
</pre></div></td>
<td>0</td>
<td>tests.BagistoStepByStepTest@45b4c3a9</td></tr>
<tr>
<td title='tests.BagistoStepByStepTest.enterAddressFirstName()'><b>enterAddressFirstName</b><br>Test class: tests.BagistoStepByStepTest</td>
<td><div><pre>java.lang.Throwable: Method tests.BagistoStepByStepTest.enterAddressFirstName() on instance tests.BagistoStepByStepTest@45b4c3a9 depends on not successfully finished methods 
[tests.BagistoStepByStepTest.clickAddAddressBtn() on instance tests.BagistoStepByStepTest@45b4c3a9]
	at java.base/java.util.ArrayList.forEach(ArrayList.java:1596)
... Removed 18 stack frames</pre></div><a href='#' onClick='toggleBox("stack-trace1176001051", this, "Click to show all stack frames", "Click to hide stack frames")'>Click to show all stack frames</a>
<div class='stack-trace' id='stack-trace1176001051'><pre>java.lang.Throwable: Method tests.BagistoStepByStepTest.enterAddressFirstName() on instance tests.BagistoStepByStepTest@45b4c3a9 depends on not successfully finished methods 
[tests.BagistoStepByStepTest.clickAddAddressBtn() on instance tests.BagistoStepByStepTest@45b4c3a9]
	at org.testng.internal.invokers.TestInvoker.invokeTestMethods(TestInvoker.java:159)
	at org.testng.internal.invokers.TestMethodWorker.invokeTestMethods(TestMethodWorker.java:154)
	at org.testng.internal.invokers.TestMethodWorker.run(TestMethodWorker.java:134)
	at java.base/java.util.ArrayList.forEach(ArrayList.java:1596)
	at org.testng.TestRunner.privateRun(TestRunner.java:741)
	at org.testng.TestRunner.run(TestRunner.java:616)
	at org.testng.SuiteRunner.runTest(SuiteRunner.java:421)
	at org.testng.SuiteRunner.runSequentially(SuiteRunner.java:413)
	at org.testng.SuiteRunner.privateRun(SuiteRunner.java:373)
	at org.testng.SuiteRunner.run(SuiteRunner.java:312)
	at org.testng.SuiteRunnerWorker.runSuite(SuiteRunnerWorker.java:52)
	at org.testng.SuiteRunnerWorker.run(SuiteRunnerWorker.java:95)
	at org.testng.TestNG.runSuitesSequentially(TestNG.java:1274)
	at org.testng.TestNG.runSuitesLocally(TestNG.java:1208)
	at org.testng.TestNG.runSuites(TestNG.java:1112)
	at org.testng.TestNG.run(TestNG.java:1079)
	at org.testng.remote.AbstractRemoteTestNG.run(AbstractRemoteTestNG.java:115)
	at org.testng.remote.RemoteTestNG.initAndRun(RemoteTestNG.java:293)
	at org.testng.remote.RemoteTestNG.main(RemoteTestNG.java:91)
</pre></div></td>
<td>0</td>
<td>tests.BagistoStepByStepTest@45b4c3a9</td></tr>
<tr>
<td title='tests.BagistoStepByStepTest.enterCity()'><b>enterCity</b><br>Test class: tests.BagistoStepByStepTest</td>
<td><div><pre>java.lang.Throwable: Method tests.BagistoStepByStepTest.enterCity() on instance tests.BagistoStepByStepTest@45b4c3a9 depends on not successfully finished methods 
[tests.BagistoStepByStepTest.selectState() on instance tests.BagistoStepByStepTest@45b4c3a9]
	at java.base/java.util.ArrayList.forEach(ArrayList.java:1596)
... Removed 18 stack frames</pre></div><a href='#' onClick='toggleBox("stack-trace864657274", this, "Click to show all stack frames", "Click to hide stack frames")'>Click to show all stack frames</a>
<div class='stack-trace' id='stack-trace864657274'><pre>java.lang.Throwable: Method tests.BagistoStepByStepTest.enterCity() on instance tests.BagistoStepByStepTest@45b4c3a9 depends on not successfully finished methods 
[tests.BagistoStepByStepTest.selectState() on instance tests.BagistoStepByStepTest@45b4c3a9]
	at org.testng.internal.invokers.TestInvoker.invokeTestMethods(TestInvoker.java:159)
	at org.testng.internal.invokers.TestMethodWorker.invokeTestMethods(TestMethodWorker.java:154)
	at org.testng.internal.invokers.TestMethodWorker.run(TestMethodWorker.java:134)
	at java.base/java.util.ArrayList.forEach(ArrayList.java:1596)
	at org.testng.TestRunner.privateRun(TestRunner.java:741)
	at org.testng.TestRunner.run(TestRunner.java:616)
	at org.testng.SuiteRunner.runTest(SuiteRunner.java:421)
	at org.testng.SuiteRunner.runSequentially(SuiteRunner.java:413)
	at org.testng.SuiteRunner.privateRun(SuiteRunner.java:373)
	at org.testng.SuiteRunner.run(SuiteRunner.java:312)
	at org.testng.SuiteRunnerWorker.runSuite(SuiteRunnerWorker.java:52)
	at org.testng.SuiteRunnerWorker.run(SuiteRunnerWorker.java:95)
	at org.testng.TestNG.runSuitesSequentially(TestNG.java:1274)
	at org.testng.TestNG.runSuitesLocally(TestNG.java:1208)
	at org.testng.TestNG.runSuites(TestNG.java:1112)
	at org.testng.TestNG.run(TestNG.java:1079)
	at org.testng.remote.AbstractRemoteTestNG.run(AbstractRemoteTestNG.java:115)
	at org.testng.remote.RemoteTestNG.initAndRun(RemoteTestNG.java:293)
	at org.testng.remote.RemoteTestNG.main(RemoteTestNG.java:91)
</pre></div></td>
<td>0</td>
<td>tests.BagistoStepByStepTest@45b4c3a9</td></tr>
<tr>
<td title='tests.BagistoStepByStepTest.selectCountry()'><b>selectCountry</b><br>Test class: tests.BagistoStepByStepTest</td>
<td><div><pre>java.lang.Throwable: Method tests.BagistoStepByStepTest.selectCountry() on instance tests.BagistoStepByStepTest@45b4c3a9 depends on not successfully finished methods 
[tests.BagistoStepByStepTest.enterStreetAddress() on instance tests.BagistoStepByStepTest@45b4c3a9]
	at java.base/java.util.ArrayList.forEach(ArrayList.java:1596)
... Removed 18 stack frames</pre></div><a href='#' onClick='toggleBox("stack-trace1928900108", this, "Click to show all stack frames", "Click to hide stack frames")'>Click to show all stack frames</a>
<div class='stack-trace' id='stack-trace1928900108'><pre>java.lang.Throwable: Method tests.BagistoStepByStepTest.selectCountry() on instance tests.BagistoStepByStepTest@45b4c3a9 depends on not successfully finished methods 
[tests.BagistoStepByStepTest.enterStreetAddress() on instance tests.BagistoStepByStepTest@45b4c3a9]
	at org.testng.internal.invokers.TestInvoker.invokeTestMethods(TestInvoker.java:159)
	at org.testng.internal.invokers.TestMethodWorker.invokeTestMethods(TestMethodWorker.java:154)
	at org.testng.internal.invokers.TestMethodWorker.run(TestMethodWorker.java:134)
	at java.base/java.util.ArrayList.forEach(ArrayList.java:1596)
	at org.testng.TestRunner.privateRun(TestRunner.java:741)
	at org.testng.TestRunner.run(TestRunner.java:616)
	at org.testng.SuiteRunner.runTest(SuiteRunner.java:421)
	at org.testng.SuiteRunner.runSequentially(SuiteRunner.java:413)
	at org.testng.SuiteRunner.privateRun(SuiteRunner.java:373)
	at org.testng.SuiteRunner.run(SuiteRunner.java:312)
	at org.testng.SuiteRunnerWorker.runSuite(SuiteRunnerWorker.java:52)
	at org.testng.SuiteRunnerWorker.run(SuiteRunnerWorker.java:95)
	at org.testng.TestNG.runSuitesSequentially(TestNG.java:1274)
	at org.testng.TestNG.runSuitesLocally(TestNG.java:1208)
	at org.testng.TestNG.runSuites(TestNG.java:1112)
	at org.testng.TestNG.run(TestNG.java:1079)
	at org.testng.remote.AbstractRemoteTestNG.run(AbstractRemoteTestNG.java:115)
	at org.testng.remote.RemoteTestNG.initAndRun(RemoteTestNG.java:293)
	at org.testng.remote.RemoteTestNG.main(RemoteTestNG.java:91)
</pre></div></td>
<td>0</td>
<td>tests.BagistoStepByStepTest@45b4c3a9</td></tr>
<tr>
<td title='tests.BagistoStepByStepTest.clickSaveAddressBtn()'><b>clickSaveAddressBtn</b><br>Test class: tests.BagistoStepByStepTest</td>
<td><div><pre>java.lang.Throwable: Method tests.BagistoStepByStepTest.clickSaveAddressBtn() on instance tests.BagistoStepByStepTest@45b4c3a9 depends on not successfully finished methods 
[tests.BagistoStepByStepTest.enterPhone() on instance tests.BagistoStepByStepTest@45b4c3a9]
	at java.base/java.util.ArrayList.forEach(ArrayList.java:1596)
... Removed 18 stack frames</pre></div><a href='#' onClick='toggleBox("stack-trace332998175", this, "Click to show all stack frames", "Click to hide stack frames")'>Click to show all stack frames</a>
<div class='stack-trace' id='stack-trace332998175'><pre>java.lang.Throwable: Method tests.BagistoStepByStepTest.clickSaveAddressBtn() on instance tests.BagistoStepByStepTest@45b4c3a9 depends on not successfully finished methods 
[tests.BagistoStepByStepTest.enterPhone() on instance tests.BagistoStepByStepTest@45b4c3a9]
	at org.testng.internal.invokers.TestInvoker.invokeTestMethods(TestInvoker.java:159)
	at org.testng.internal.invokers.TestMethodWorker.invokeTestMethods(TestMethodWorker.java:154)
	at org.testng.internal.invokers.TestMethodWorker.run(TestMethodWorker.java:134)
	at java.base/java.util.ArrayList.forEach(ArrayList.java:1596)
	at org.testng.TestRunner.privateRun(TestRunner.java:741)
	at org.testng.TestRunner.run(TestRunner.java:616)
	at org.testng.SuiteRunner.runTest(SuiteRunner.java:421)
	at org.testng.SuiteRunner.runSequentially(SuiteRunner.java:413)
	at org.testng.SuiteRunner.privateRun(SuiteRunner.java:373)
	at org.testng.SuiteRunner.run(SuiteRunner.java:312)
	at org.testng.SuiteRunnerWorker.runSuite(SuiteRunnerWorker.java:52)
	at org.testng.SuiteRunnerWorker.run(SuiteRunnerWorker.java:95)
	at org.testng.TestNG.runSuitesSequentially(TestNG.java:1274)
	at org.testng.TestNG.runSuitesLocally(TestNG.java:1208)
	at org.testng.TestNG.runSuites(TestNG.java:1112)
	at org.testng.TestNG.run(TestNG.java:1079)
	at org.testng.remote.AbstractRemoteTestNG.run(AbstractRemoteTestNG.java:115)
	at org.testng.remote.RemoteTestNG.initAndRun(RemoteTestNG.java:293)
	at org.testng.remote.RemoteTestNG.main(RemoteTestNG.java:91)
</pre></div></td>
<td>0</td>
<td>tests.BagistoStepByStepTest@45b4c3a9</td></tr>
<tr>
<td title='tests.BagistoStepByStepTest.enterAddressEmail()'><b>enterAddressEmail</b><br>Test class: tests.BagistoStepByStepTest</td>
<td><div><pre>java.lang.Throwable: Method tests.BagistoStepByStepTest.enterAddressEmail() on instance tests.BagistoStepByStepTest@45b4c3a9 depends on not successfully finished methods 
[tests.BagistoStepByStepTest.enterAddressLastName() on instance tests.BagistoStepByStepTest@45b4c3a9]
	at java.base/java.util.ArrayList.forEach(ArrayList.java:1596)
... Removed 18 stack frames</pre></div><a href='#' onClick='toggleBox("stack-trace449105069", this, "Click to show all stack frames", "Click to hide stack frames")'>Click to show all stack frames</a>
<div class='stack-trace' id='stack-trace449105069'><pre>java.lang.Throwable: Method tests.BagistoStepByStepTest.enterAddressEmail() on instance tests.BagistoStepByStepTest@45b4c3a9 depends on not successfully finished methods 
[tests.BagistoStepByStepTest.enterAddressLastName() on instance tests.BagistoStepByStepTest@45b4c3a9]
	at org.testng.internal.invokers.TestInvoker.invokeTestMethods(TestInvoker.java:159)
	at org.testng.internal.invokers.TestMethodWorker.invokeTestMethods(TestMethodWorker.java:154)
	at org.testng.internal.invokers.TestMethodWorker.run(TestMethodWorker.java:134)
	at java.base/java.util.ArrayList.forEach(ArrayList.java:1596)
	at org.testng.TestRunner.privateRun(TestRunner.java:741)
	at org.testng.TestRunner.run(TestRunner.java:616)
	at org.testng.SuiteRunner.runTest(SuiteRunner.java:421)
	at org.testng.SuiteRunner.runSequentially(SuiteRunner.java:413)
	at org.testng.SuiteRunner.privateRun(SuiteRunner.java:373)
	at org.testng.SuiteRunner.run(SuiteRunner.java:312)
	at org.testng.SuiteRunnerWorker.runSuite(SuiteRunnerWorker.java:52)
	at org.testng.SuiteRunnerWorker.run(SuiteRunnerWorker.java:95)
	at org.testng.TestNG.runSuitesSequentially(TestNG.java:1274)
	at org.testng.TestNG.runSuitesLocally(TestNG.java:1208)
	at org.testng.TestNG.runSuites(TestNG.java:1112)
	at org.testng.TestNG.run(TestNG.java:1079)
	at org.testng.remote.AbstractRemoteTestNG.run(AbstractRemoteTestNG.java:115)
	at org.testng.remote.RemoteTestNG.initAndRun(RemoteTestNG.java:293)
	at org.testng.remote.RemoteTestNG.main(RemoteTestNG.java:91)
</pre></div></td>
<td>0</td>
<td>tests.BagistoStepByStepTest@45b4c3a9</td></tr>
<tr>
<td title='tests.BagistoStepByStepTest.enterPhone()'><b>enterPhone</b><br>Test class: tests.BagistoStepByStepTest</td>
<td><div><pre>java.lang.Throwable: Method tests.BagistoStepByStepTest.enterPhone() on instance tests.BagistoStepByStepTest@45b4c3a9 depends on not successfully finished methods 
[tests.BagistoStepByStepTest.enterPostCode() on instance tests.BagistoStepByStepTest@45b4c3a9]
	at java.base/java.util.ArrayList.forEach(ArrayList.java:1596)
... Removed 18 stack frames</pre></div><a href='#' onClick='toggleBox("stack-trace1682828548", this, "Click to show all stack frames", "Click to hide stack frames")'>Click to show all stack frames</a>
<div class='stack-trace' id='stack-trace1682828548'><pre>java.lang.Throwable: Method tests.BagistoStepByStepTest.enterPhone() on instance tests.BagistoStepByStepTest@45b4c3a9 depends on not successfully finished methods 
[tests.BagistoStepByStepTest.enterPostCode() on instance tests.BagistoStepByStepTest@45b4c3a9]
	at org.testng.internal.invokers.TestInvoker.invokeTestMethods(TestInvoker.java:159)
	at org.testng.internal.invokers.TestMethodWorker.invokeTestMethods(TestMethodWorker.java:154)
	at org.testng.internal.invokers.TestMethodWorker.run(TestMethodWorker.java:134)
	at java.base/java.util.ArrayList.forEach(ArrayList.java:1596)
	at org.testng.TestRunner.privateRun(TestRunner.java:741)
	at org.testng.TestRunner.run(TestRunner.java:616)
	at org.testng.SuiteRunner.runTest(SuiteRunner.java:421)
	at org.testng.SuiteRunner.runSequentially(SuiteRunner.java:413)
	at org.testng.SuiteRunner.privateRun(SuiteRunner.java:373)
	at org.testng.SuiteRunner.run(SuiteRunner.java:312)
	at org.testng.SuiteRunnerWorker.runSuite(SuiteRunnerWorker.java:52)
	at org.testng.SuiteRunnerWorker.run(SuiteRunnerWorker.java:95)
	at org.testng.TestNG.runSuitesSequentially(TestNG.java:1274)
	at org.testng.TestNG.runSuitesLocally(TestNG.java:1208)
	at org.testng.TestNG.runSuites(TestNG.java:1112)
	at org.testng.TestNG.run(TestNG.java:1079)
	at org.testng.remote.AbstractRemoteTestNG.run(AbstractRemoteTestNG.java:115)
	at org.testng.remote.RemoteTestNG.initAndRun(RemoteTestNG.java:293)
	at org.testng.remote.RemoteTestNG.main(RemoteTestNG.java:91)
</pre></div></td>
<td>0</td>
<td>tests.BagistoStepByStepTest@45b4c3a9</td></tr>
<tr>
<td title='tests.BagistoStepByStepTest.enterStreetAddress()'><b>enterStreetAddress</b><br>Test class: tests.BagistoStepByStepTest</td>
<td><div><pre>java.lang.Throwable: Method tests.BagistoStepByStepTest.enterStreetAddress() on instance tests.BagistoStepByStepTest@45b4c3a9 depends on not successfully finished methods 
[tests.BagistoStepByStepTest.enterAddressEmail() on instance tests.BagistoStepByStepTest@45b4c3a9]
	at java.base/java.util.ArrayList.forEach(ArrayList.java:1596)
... Removed 18 stack frames</pre></div><a href='#' onClick='toggleBox("stack-trace345516674", this, "Click to show all stack frames", "Click to hide stack frames")'>Click to show all stack frames</a>
<div class='stack-trace' id='stack-trace345516674'><pre>java.lang.Throwable: Method tests.BagistoStepByStepTest.enterStreetAddress() on instance tests.BagistoStepByStepTest@45b4c3a9 depends on not successfully finished methods 
[tests.BagistoStepByStepTest.enterAddressEmail() on instance tests.BagistoStepByStepTest@45b4c3a9]
	at org.testng.internal.invokers.TestInvoker.invokeTestMethods(TestInvoker.java:159)
	at org.testng.internal.invokers.TestMethodWorker.invokeTestMethods(TestMethodWorker.java:154)
	at org.testng.internal.invokers.TestMethodWorker.run(TestMethodWorker.java:134)
	at java.base/java.util.ArrayList.forEach(ArrayList.java:1596)
	at org.testng.TestRunner.privateRun(TestRunner.java:741)
	at org.testng.TestRunner.run(TestRunner.java:616)
	at org.testng.SuiteRunner.runTest(SuiteRunner.java:421)
	at org.testng.SuiteRunner.runSequentially(SuiteRunner.java:413)
	at org.testng.SuiteRunner.privateRun(SuiteRunner.java:373)
	at org.testng.SuiteRunner.run(SuiteRunner.java:312)
	at org.testng.SuiteRunnerWorker.runSuite(SuiteRunnerWorker.java:52)
	at org.testng.SuiteRunnerWorker.run(SuiteRunnerWorker.java:95)
	at org.testng.TestNG.runSuitesSequentially(TestNG.java:1274)
	at org.testng.TestNG.runSuitesLocally(TestNG.java:1208)
	at org.testng.TestNG.runSuites(TestNG.java:1112)
	at org.testng.TestNG.run(TestNG.java:1079)
	at org.testng.remote.AbstractRemoteTestNG.run(AbstractRemoteTestNG.java:115)
	at org.testng.remote.RemoteTestNG.initAndRun(RemoteTestNG.java:293)
	at org.testng.remote.RemoteTestNG.main(RemoteTestNG.java:91)
</pre></div></td>
<td>0</td>
<td>tests.BagistoStepByStepTest@45b4c3a9</td></tr>
<tr>
<td title='tests.BagistoStepByStepTest.selectState()'><b>selectState</b><br>Test class: tests.BagistoStepByStepTest</td>
<td><div><pre>java.lang.Throwable: Method tests.BagistoStepByStepTest.selectState() on instance tests.BagistoStepByStepTest@45b4c3a9 depends on not successfully finished methods 
[tests.BagistoStepByStepTest.selectCountry() on instance tests.BagistoStepByStepTest@45b4c3a9]
	at java.base/java.util.ArrayList.forEach(ArrayList.java:1596)
... Removed 18 stack frames</pre></div><a href='#' onClick='toggleBox("stack-trace1730595945", this, "Click to show all stack frames", "Click to hide stack frames")'>Click to show all stack frames</a>
<div class='stack-trace' id='stack-trace1730595945'><pre>java.lang.Throwable: Method tests.BagistoStepByStepTest.selectState() on instance tests.BagistoStepByStepTest@45b4c3a9 depends on not successfully finished methods 
[tests.BagistoStepByStepTest.selectCountry() on instance tests.BagistoStepByStepTest@45b4c3a9]
	at org.testng.internal.invokers.TestInvoker.invokeTestMethods(TestInvoker.java:159)
	at org.testng.internal.invokers.TestMethodWorker.invokeTestMethods(TestMethodWorker.java:154)
	at org.testng.internal.invokers.TestMethodWorker.run(TestMethodWorker.java:134)
	at java.base/java.util.ArrayList.forEach(ArrayList.java:1596)
	at org.testng.TestRunner.privateRun(TestRunner.java:741)
	at org.testng.TestRunner.run(TestRunner.java:616)
	at org.testng.SuiteRunner.runTest(SuiteRunner.java:421)
	at org.testng.SuiteRunner.runSequentially(SuiteRunner.java:413)
	at org.testng.SuiteRunner.privateRun(SuiteRunner.java:373)
	at org.testng.SuiteRunner.run(SuiteRunner.java:312)
	at org.testng.SuiteRunnerWorker.runSuite(SuiteRunnerWorker.java:52)
	at org.testng.SuiteRunnerWorker.run(SuiteRunnerWorker.java:95)
	at org.testng.TestNG.runSuitesSequentially(TestNG.java:1274)
	at org.testng.TestNG.runSuitesLocally(TestNG.java:1208)
	at org.testng.TestNG.runSuites(TestNG.java:1112)
	at org.testng.TestNG.run(TestNG.java:1079)
	at org.testng.remote.AbstractRemoteTestNG.run(AbstractRemoteTestNG.java:115)
	at org.testng.remote.RemoteTestNG.initAndRun(RemoteTestNG.java:293)
	at org.testng.remote.RemoteTestNG.main(RemoteTestNG.java:91)
</pre></div></td>
<td>0</td>
<td>tests.BagistoStepByStepTest@45b4c3a9</td></tr>
</table><p>
</body>
</html>