<?xml version="1.0" encoding="UTF-8"?>
<!-- Generated by org.testng.reporters.JUnitXMLReporter -->
<testsuite ignored="0" hostname="Deepu" failures="1" tests="40" name="Test" time="91.45" errors="0" timestamp="2025-09-08T15:33:20 IST">
  <testcase classname="base.BaseTest" name="@AfterMethod captureResult" time="0.004">
    <failure type="org.openqa.selenium.NoSuchWindowException" message="no such window: target window already closed
from unknown error: web view not found
  (Session info: chrome=139.0.7258.157)
Build info: version: &amp;apos;4.34.0&amp;apos;, revision: &amp;apos;707dcb4246*&amp;apos;
System info: os.name: &amp;apos;Windows 11&amp;apos;, os.arch: &amp;apos;amd64&amp;apos;, os.version: &amp;apos;10.0&amp;apos;, java.version: &amp;apos;21.0.7&amp;apos;
Driver info: org.openqa.selenium.chrome.ChromeDriver
Command: [8e89c2b150fefd9c4a860ed3c975f57a, screenshot {}]
Capabilities {acceptInsecureCerts: false, browserName: chrome, browserVersion: 139.0.7258.157, chrome: {chromedriverVersion: 139.0.7258.154 (9e0d6b2b47f..., userDataDir: C:\Users\deept\AppData\Loca...}, fedcm:accounts: true, goog:chromeOptions: {debuggerAddress: localhost:56280}, networkConnectionEnabled: false, pageLoadStrategy: normal, platformName: windows, proxy: Proxy(), se:cdp: ws://localhost:56280/devtoo..., se:cdpVersion: 139.0.7258.157, setWindowRect: true, strictFileInteractability: false, timeouts: {implicit: 0, pageLoad: 300000, script: 30000}, unhandledPromptBehavior: dismiss and notify, webauthn:extension:credBlob: true, webauthn:extension:largeBlob: true, webauthn:extension:minPinLength: true, webauthn:extension:prf: true, webauthn:virtualAuthenticators: true}
Session ID: 8e89c2b150fefd9c4a860ed3c975f57a">
      <![CDATA[org.openqa.selenium.NoSuchWindowException: no such window: target window already closed
from unknown error: web view not found
  (Session info: chrome=139.0.7258.157)
Build info: version: '4.34.0', revision: '707dcb4246*'
System info: os.name: 'Windows 11', os.arch: 'amd64', os.version: '10.0', java.version: '21.0.7'
Driver info: org.openqa.selenium.chrome.ChromeDriver
Command: [8e89c2b150fefd9c4a860ed3c975f57a, screenshot {}]
Capabilities {acceptInsecureCerts: false, browserName: chrome, browserVersion: 139.0.7258.157, chrome: {chromedriverVersion: 139.0.7258.154 (9e0d6b2b47f..., userDataDir: C:\Users\deept\AppData\Loca...}, fedcm:accounts: true, goog:chromeOptions: {debuggerAddress: localhost:56280}, networkConnectionEnabled: false, pageLoadStrategy: normal, platformName: windows, proxy: Proxy(), se:cdp: ws://localhost:56280/devtoo..., se:cdpVersion: 139.0.7258.157, setWindowRect: true, strictFileInteractability: false, timeouts: {implicit: 0, pageLoad: 300000, script: 30000}, unhandledPromptBehavior: dismiss and notify, webauthn:extension:credBlob: true, webauthn:extension:largeBlob: true, webauthn:extension:minPinLength: true, webauthn:extension:prf: true, webauthn:virtualAuthenticators: true}
Session ID: 8e89c2b150fefd9c4a860ed3c975f57a
at org.openqa.selenium.remote.ErrorCodec.decode(ErrorCodec.java:167)
at org.openqa.selenium.remote.codec.w3c.W3CHttpResponseCodec.decode(W3CHttpResponseCodec.java:138)
at org.openqa.selenium.remote.codec.w3c.W3CHttpResponseCodec.decode(W3CHttpResponseCodec.java:50)
at org.openqa.selenium.remote.HttpCommandExecutor.execute(HttpCommandExecutor.java:215)
at org.openqa.selenium.remote.service.DriverCommandExecutor.invokeExecute(DriverCommandExecutor.java:216)
at org.openqa.selenium.remote.service.DriverCommandExecutor.execute(DriverCommandExecutor.java:174)
at org.openqa.selenium.remote.RemoteWebDriver.execute(RemoteWebDriver.java:544)
at org.openqa.selenium.remote.RemoteWebDriver.execute(RemoteWebDriver.java:617)
at org.openqa.selenium.remote.RemoteWebDriver.execute(RemoteWebDriver.java:621)
at org.openqa.selenium.remote.RemoteWebDriver.getScreenshotAs(RemoteWebDriver.java:333)
at base.BaseTest.captureScreenshot(BaseTest.java:77)
at base.BaseTest.captureResult(BaseTest.java:52)
at java.base/java.util.ArrayList.forEach(ArrayList.java:1596)
... Removed 33 stack frames]]>
    </failure>
  </testcase> <!-- @AfterMethod captureResult -->
  <testcase classname="tests.BagistoStepByStepTest" name="openAdminPanel" time="3.216"/>
  <testcase classname="tests.BagistoStepByStepTest" name="enterEmail" time="0.172"/>
  <testcase classname="tests.BagistoStepByStepTest" name="enterPassword" time="0.135"/>
  <testcase classname="tests.BagistoStepByStepTest" name="clickSignIn" time="0.109"/>
  <testcase classname="tests.BagistoStepByStepTest" name="enableDarkMode" time="2.803"/>
  <testcase classname="tests.BagistoStepByStepTest" name="openCalendar" time="0.059"/>
  <testcase classname="tests.BagistoStepByStepTest" name="selectToday" time="0.194"/>
  <testcase classname="tests.BagistoStepByStepTest" name="openNotifications" time="0.096"/>
  <testcase classname="tests.BagistoStepByStepTest" name="clickViewAllNotifications" time="2.199"/>
  <testcase classname="tests.BagistoStepByStepTest" name="searchCustomer" time="3.105"/>
  <testcase classname="tests.BagistoStepByStepTest" name="clickCustomersDiv" time="0.047"/>
  <testcase classname="tests.BagistoStepByStepTest" name="waitForSearchResults" time="0.025"/>
  <testcase classname="tests.BagistoStepByStepTest" name="clickFirstSearchResult" time="2.382"/>
  <testcase classname="tests.BagistoStepByStepTest" name="waitForDeleteIcon" time="0.052"/>
  <testcase classname="tests.BagistoStepByStepTest" name="clickDeleteIcon" time="0.123"/>
  <testcase classname="tests.BagistoStepByStepTest" name="waitForAgreeBtn" time="0.567"/>
  <testcase classname="tests.BagistoStepByStepTest" name="clickAgreeBtn" time="2.142"/>
  <testcase classname="tests.BagistoStepByStepTest" name="goToCustomersMenu" time="1.833"/>
  <testcase classname="tests.BagistoStepByStepTest" name="clickCustomersSubMenu" time="1.874"/>
  <testcase classname="tests.BagistoStepByStepTest" name="clickCreateCustomerBtn" time="0.122"/>
  <testcase classname="tests.BagistoStepByStepTest" name="enterFirstName" time="0.611"/>
  <testcase classname="tests.BagistoStepByStepTest" name="enterLastName" time="0.083"/>
  <testcase classname="tests.BagistoStepByStepTest" name="enterCustomerEmail" time="0.096"/>
  <testcase classname="tests.BagistoStepByStepTest" name="selectGender" time="0.111"/>
  <testcase classname="tests.BagistoStepByStepTest" name="clickSaveCustomerBtn" time="4.1"/>
  <testcase classname="tests.BagistoStepByStepTest" name="clickNewCustomerLogin" time="0.134"/>
  <testcase classname="tests.BagistoStepByStepTest" name="clickAddress" time="15.109">
    <failure type="org.openqa.selenium.TimeoutException" message="Expected condition failed: waiting for element to be clickable: By.xpath: //p[span[contains(@class, &amp;apos;icon-location&amp;apos;)] and contains(text(),&amp;apos;Address&amp;apos;)] (tried for 15 second(s) with 500 milliseconds interval)">
      <![CDATA[org.openqa.selenium.TimeoutException: Expected condition failed: waiting for element to be clickable: By.xpath: //p[span[contains(@class, 'icon-location')] and contains(text(),'Address')] (tried for 15 second(s) with 500 milliseconds interval)
at org.openqa.selenium.support.ui.WebDriverWait.timeoutException(WebDriverWait.java:84)
at org.openqa.selenium.support.ui.FluentWait.until(FluentWait.java:228)
at pages.AddressPage.clickAddress(AddressPage.java:40)
at tests.BagistoStepByStepTest.clickAddress(BagistoStepByStepTest.java:151)
at java.base/java.util.ArrayList.forEach(ArrayList.java:1596)
Caused by: org.openqa.selenium.NoSuchWindowException: no such window: target window already closed
from unknown error: web view not found
  (Session info: chrome=139.0.7258.157)
Build info: version: '4.34.0', revision: '707dcb4246*'
System info: os.name: 'Windows 11', os.arch: 'amd64', os.version: '10.0', java.version: '21.0.7'
Driver info: org.openqa.selenium.chrome.ChromeDriver
Command: [8e89c2b150fefd9c4a860ed3c975f57a, findElement {value=//p[span[contains(@class, 'icon-location')] and contains(text(),'Address')], using=xpath}]
Capabilities {acceptInsecureCerts: false, browserName: chrome, browserVersion: 139.0.7258.157, chrome: {chromedriverVersion: 139.0.7258.154 (9e0d6b2b47f..., userDataDir: C:\Users\deept\AppData\Loca...}, fedcm:accounts: true, goog:chromeOptions: {debuggerAddress: localhost:56280}, networkConnectionEnabled: false, pageLoadStrategy: normal, platformName: windows, proxy: Proxy(), se:cdp: ws://localhost:56280/devtoo..., se:cdpVersion: 139.0.7258.157, setWindowRect: true, strictFileInteractability: false, timeouts: {implicit: 0, pageLoad: 300000, script: 30000}, unhandledPromptBehavior: dismiss and notify, webauthn:extension:credBlob: true, webauthn:extension:largeBlob: true, webauthn:extension:minPinLength: true, webauthn:extension:prf: true, webauthn:virtualAuthenticators: true}
Session ID: 8e89c2b150fefd9c4a860ed3c975f57a
at org.openqa.selenium.remote.ErrorCodec.decode(ErrorCodec.java:167)
at org.openqa.selenium.remote.codec.w3c.W3CHttpResponseCodec.decode(W3CHttpResponseCodec.java:138)
at org.openqa.selenium.remote.codec.w3c.W3CHttpResponseCodec.decode(W3CHttpResponseCodec.java:50)
at org.openqa.selenium.remote.HttpCommandExecutor.execute(HttpCommandExecutor.java:215)
at org.openqa.selenium.remote.service.DriverCommandExecutor.invokeExecute(DriverCommandExecutor.java:216)
at org.openqa.selenium.remote.service.DriverCommandExecutor.execute(DriverCommandExecutor.java:174)
at org.openqa.selenium.remote.RemoteWebDriver.execute(RemoteWebDriver.java:544)
at org.openqa.selenium.remote.ElementLocation$ElementFinder$2.findElement(ElementLocation.java:165)
at org.openqa.selenium.remote.ElementLocation.findElement(ElementLocation.java:59)
at org.openqa.selenium.remote.RemoteWebDriver.findElement(RemoteWebDriver.java:367)
at org.openqa.selenium.remote.RemoteWebDriver.findElement(RemoteWebDriver.java:361)
at org.openqa.selenium.support.ui.ExpectedConditions$7.apply(ExpectedConditions.java:194)
at org.openqa.selenium.support.ui.ExpectedConditions$7.apply(ExpectedConditions.java:190)
at org.openqa.selenium.support.ui.ExpectedConditions$22.apply(ExpectedConditions.java:627)
at org.openqa.selenium.support.ui.ExpectedConditions$22.apply(ExpectedConditions.java:624)
at org.openqa.selenium.support.ui.FluentWait.until(FluentWait.java:203)
... 28 more
... Removed 28 stack frames]]>
    </failure>
  </testcase> <!-- clickAddress -->
  <testcase classname="tests.BagistoStepByStepTest" name="clickAddAddressBtn" time="0.0">
    <skipped/>
  </testcase> <!-- clickAddAddressBtn -->
  <testcase classname="tests.BagistoStepByStepTest" name="enterAddressFirstName" time="0.0">
    <skipped/>
  </testcase> <!-- enterAddressFirstName -->
  <testcase classname="tests.BagistoStepByStepTest" name="enterAddressLastName" time="0.0">
    <skipped/>
  </testcase> <!-- enterAddressLastName -->
  <testcase classname="tests.BagistoStepByStepTest" name="enterAddressEmail" time="0.0">
    <skipped/>
  </testcase> <!-- enterAddressEmail -->
  <testcase classname="tests.BagistoStepByStepTest" name="enterStreetAddress" time="0.0">
    <skipped/>
  </testcase> <!-- enterStreetAddress -->
  <testcase classname="tests.BagistoStepByStepTest" name="selectCountry" time="0.0">
    <skipped/>
  </testcase> <!-- selectCountry -->
  <testcase classname="tests.BagistoStepByStepTest" name="selectState" time="0.0">
    <skipped/>
  </testcase> <!-- selectState -->
  <testcase classname="tests.BagistoStepByStepTest" name="enterCity" time="0.0">
    <skipped/>
  </testcase> <!-- enterCity -->
  <testcase classname="tests.BagistoStepByStepTest" name="enterPostCode" time="0.0">
    <skipped/>
  </testcase> <!-- enterPostCode -->
  <testcase classname="tests.BagistoStepByStepTest" name="enterPhone" time="0.0">
    <skipped/>
  </testcase> <!-- enterPhone -->
  <testcase classname="tests.BagistoStepByStepTest" name="clickSaveAddressBtn" time="0.0">
    <skipped/>
  </testcase> <!-- clickSaveAddressBtn -->
  <testcase classname="tests.RegExcel" name="signupTest" time="30.351"/>
  <testcase classname="tests.RegExcel" name="signupTest" time="9.895"/>
</testsuite> <!-- Test -->
