<?xml version="1.0" encoding="UTF-8"?>
<!-- Generated by org.testng.reporters.JUnitXMLReporter -->
<testsuite ignored="0" hostname="Deepu" failures="1" tests="9" name="Default test" time="43.245" errors="0" timestamp="2025-09-08T11:30:36 IST">
  <testcase classname="tests.RegExcel" name="step1_clickUserIcon" time="1.95"/>
  <testcase classname="tests.RegExcel" name="step1_clickUserIcon" time="30.498">
    <failure type="java.lang.AssertionError" message="Could not click user icon: Expected condition failed: waiting for presence of element located by: By.cssSelector: span.icon-users (tried for 30 second(s) with 500 milliseconds interval)">
      <![CDATA[java.lang.AssertionError: Could not click user icon: Expected condition failed: waiting for presence of element located by: By.cssSelector: span.icon-users (tried for 30 second(s) with 500 milliseconds interval)
at org.testng.Assert.fail(Assert.java:111)
at tests.RegExcel.step1_clickUserIcon(RegExcel.java:52)
at java.base/jdk.internal.reflect.DirectMethodHandleAccessor.invoke(DirectMethodHandleAccessor.java:103)
at java.base/java.lang.reflect.Method.invoke(Method.java:580)
at org.testng.internal.invokers.MethodInvocationHelper.invokeMethod(MethodInvocationHelper.java:141)
at org.testng.internal.invokers.TestInvoker.invokeMethod(TestInvoker.java:687)
at org.testng.internal.invokers.TestInvoker.invokeTestMethod(TestInvoker.java:230)
at org.testng.internal.invokers.MethodRunner.runInSequence(MethodRunner.java:63)
at org.testng.internal.invokers.TestInvoker$MethodInvocationAgent.invoke(TestInvoker.java:995)
at org.testng.internal.invokers.TestInvoker.invokeTestMethods(TestInvoker.java:203)
at org.testng.internal.invokers.TestMethodWorker.invokeTestMethods(TestMethodWorker.java:154)
at org.testng.internal.invokers.TestMethodWorker.run(TestMethodWorker.java:134)
at java.base/java.util.ArrayList.forEach(ArrayList.java:1596)
at org.testng.TestRunner.privateRun(TestRunner.java:741)
at org.testng.TestRunner.run(TestRunner.java:616)
at org.testng.SuiteRunner.runTest(SuiteRunner.java:421)
at org.testng.SuiteRunner.runSequentially(SuiteRunner.java:413)
at org.testng.SuiteRunner.privateRun(SuiteRunner.java:373)
at org.testng.SuiteRunner.run(SuiteRunner.java:312)
at org.testng.SuiteRunnerWorker.runSuite(SuiteRunnerWorker.java:52)
at org.testng.SuiteRunnerWorker.run(SuiteRunnerWorker.java:95)
at org.testng.TestNG.runSuitesSequentially(TestNG.java:1274)
at org.testng.TestNG.runSuitesLocally(TestNG.java:1208)
at org.testng.TestNG.runSuites(TestNG.java:1112)
at org.testng.TestNG.run(TestNG.java:1079)
at org.testng.remote.AbstractRemoteTestNG.run(AbstractRemoteTestNG.java:115)
at org.testng.remote.RemoteTestNG.initAndRun(RemoteTestNG.java:293)
at org.testng.remote.RemoteTestNG.main(RemoteTestNG.java:91)
]]>
    </failure>
  </testcase> <!-- step1_clickUserIcon -->
  <testcase classname="tests.RegExcel" name="enterFirstName" time="0.102"/>
  <testcase classname="tests.RegExcel" name="enterLastName" time="0.063"/>
  <testcase classname="tests.RegExcel" name="enterEmail" time="0.093"/>
  <testcase classname="tests.RegExcel" name="enterPassword" time="0.062"/>
  <testcase classname="tests.RegExcel" name="enterConfirmPassword" time="0.07"/>
  <testcase classname="tests.RegExcel" name="clickAgreement" time="0.529"/>
  <testcase classname="tests.RegExcel" name="clickSubmit" time="4.116"/>
</testsuite> <!-- Default test -->
